 
****************************************
Report : area
Design : TOPpipelined
Version: Q-2019.12-SP5-5
Date   : Fri Dec 19 20:05:15 2025
****************************************

Library(s) Used:

    saed32rvt_ff1p16v125c (File: /data3/Class/SID/2025_2/2025_2_sid04/lib/SAED32_EDK/saed32rvt_ff1p16v125c.db)

Number of ports:                        23500
Number of nets:                        131576
Number of cells:                       107985
Number of combinational cells:          81994
Number of sequential cells:             25728
Number of macros/black boxes:               0
Number of buf/inv:                       6482
Number of references:                      24

Combinational area:             208660.103901
Buf/Inv area:                    10145.174615
Noncombinational area:          183081.274475
Macro/Black Box area:                0.000000
Net Interconnect area:          152227.621585

Total cell area:                391741.378376
Total area:                     543968.999961
1
